#
# A fatal error has been detected by the Java Runtime Environment:
#
#  EXCEPTION_ACCESS_VIOLATION (0xc0000005) at pc=0x0000024c0756ae2c, pid=7364, tid=10788
#
# JRE version: Java(TM) SE Runtime Environment (21.0+35) (build 21+35-LTS-2513)
# Java VM: Java HotSpot(TM) 64-Bit Server VM (21+35-LTS-2513, mixed mode, sharing, tiered, compressed oops, compressed class ptrs, g1 gc, windows-amd64)
# Problematic frame:
# v  ~BufferBlob::MethodHandles adapters 0x0000024c0756ae2c
#
# No core dump will be written. Minidumps are not enabled by default on client versions of Windows
#
# If you would like to submit a bug report, please visit:
#   https://bugreport.java.com/bugreport/crash.jsp
#

---------------  S U M M A R Y ------------

Command Line: -XX:+ShowCodeDetailsInExceptionMessages -agentlib:jdwp=transport=dt_socket,suspend=y,address=localhost:49562 -javaagent:D:\Ecllipse\eclipse-java-2023-09-R-win32-x86_64\eclipse\configuration\org.eclipse.osgi\252\0\.cp\lib\javaagent-shaded.jar -Dfile.encoding=UTF-8 -Dstdout.encoding=UTF-8 -Dstderr.encoding=UTF-8 com.saiTurf.API.ApiApplication

Host: Intel(R) Core(TM) i5-1035G1 CPU @ 1.00GHz, 8 cores, 7G,  Windows 10 , 64 bit Build 19041 (10.0.19041.5438)
Time: Mon Feb 17 21:30:04 2025 India Standard Time elapsed time: 25.682049 seconds (0d 0h 0m 25s)

---------------  T H R E A D  ---------------

Current thread (0x0000024c721d3800):  JavaThread "main"             [_thread_in_Java, id=10788, stack(0x000000773d900000,0x000000773da00000) (1024K)]

Stack: [0x000000773d900000,0x000000773da00000],  sp=0x000000773d9fe638,  free space=1017k
Native frames: (J=compiled Java code, j=interpreted, Vv=VM code, C=native code)
C  0x0000024c0756ae2c

The last pc belongs to _linkToSpecial (printed below).

siginfo: EXCEPTION_ACCESS_VIOLATION (0xc0000005), reading address 0xffffffffffffffff


Registers:
RAX=0x0000024c0753919a, RBX=0x8695127000000000, RCX=0x000000773d9fe640, RDX=0x0000000000000002
RSP=0x000000773d9fe638, RBP=0x000000773d9fe688, RSI=0x0000024c59049948, RDI=0x0000024c57938630
R8 =0x0000000000000002, R9 =0x0000000000000002, R10=0x0000024c0f000000, R11=0x0000024c0f0b6c18
R12=0x0000000000000000, R13=0x000000773d9fe638, R14=0x000000773d9fe6a8, R15=0x0000024c721d3800
RIP=0x0000024c0756ae2c, EFLAGS=0x0000000000010202


Register to memory mapping:

RAX=0x0000024c0753919a is at code_begin+3354 in an Interpreter codelet
return entry points  [0x0000024c07538480, 0x0000024c0753a550]  8400 bytes
RBX=0x8695127000000000 is an unknown value
RCX=0x000000773d9fe640 is pointing into the stack for thread: 0x0000024c721d3800
RDX=0x0000000000000002 is an unknown value
RSP=0x000000773d9fe638 is pointing into the stack for thread: 0x0000024c721d3800
RBP=0x000000773d9fe688 is pointing into the stack for thread: 0x0000024c721d3800
RSI=0x0000024c59049948 points into unknown readable memory: 0x880007bd0c07ce28 | 28 ce 07 0c bd 07 00 88
RDI=0x0000024c57938630 points into unknown readable memory: 0x0000001800000070 | 70 00 00 00 18 00 00 00
R8 =0x0000000000000002 is an unknown value
R9 =0x0000000000000002 is an unknown value
R10=0x0000024c0f000000 is pointing into metadata
R11={method} {0x0000024c0f0b6c20} 'newInvokeSpecial' '(Ljava/lang/Object;)Ljava/lang/Object;' in 'java/lang/invoke/DirectMethodHandle$Holder'
R12=0x0 is null
R13=0x000000773d9fe638 is pointing into the stack for thread: 0x0000024c721d3800
R14=0x000000773d9fe6a8 is pointing into the stack for thread: 0x0000024c721d3800
R15=0x0000024c721d3800 is a thread

Top of Stack: (sp=0x000000773d9fe638)
0x000000773d9fe638:   0000024c0753919a 000000773d9fe640
0x000000773d9fe648:   0000024c0f72d8c7 0000000000000004
0x000000773d9fe658:   0000024c0f0b20d0 0000024c50d0c2f8
0x000000773d9fe668:   00000000839f30a8 0000024c0f0b6c18
0x000000773d9fe678:   000000773d9fe638 000000773d9fe6b0
0x000000773d9fe688:   000000773d9fea48 0000024c003c2902
0x000000773d9fe698:   0000000086951178 0000000086951220
0x000000773d9fe6a8:   00000000869511d8 0000000083a00d78
0x000000773d9fe6b8:   00000000869511a8 0000000000000000
0x000000773d9fe6c8:   0000024c0086c17c 0000024c5c1a8c20
0x000000773d9fe6d8:   0000024c555c0398 0000024c555c0390
0x000000773d9fe6e8:   0000000000000000 000000773d9fea48
0x000000773d9fe6f8:   0000024c008abe94 0000000000000000
0x000000773d9fe708:   0000024c537dffbe 00000000000000d8
0x000000773d9fe718:   000000773d9fd940 000000000000000a
0x000000773d9fe728:   0000024c00000098 0000024c00000008
0x000000773d9fe738:   0000024c70059101 00000000839dbb00
0x000000773d9fe748:   0000000086950f88 0000000083ebe9f0
0x000000773d9fe758:   0000000086951208 0000000086950fe0
0x000000773d9fe768:   0000000000000000 0000000086950e50
0x000000773d9fe778:   0000024c721d3800 0000000086950f88
0x000000773d9fe788:   0000024c721d3800 000000773d9fea48
0x000000773d9fe798:   0000024c008bcddc 000000773d9fea48
0x000000773d9fe7a8:   0000024c000ecf94 0000000000000000
0x000000773d9fe7b8:   00000000869511d8 0000000000000000
0x000000773d9fe7c8:   0000000000000000 0000000000000000
0x000000773d9fe7d8:   0000000000000000 0000000000000000
0x000000773d9fe7e8:   0000024c07538100 0000024c721d3800
0x000000773d9fe7f8:   0000000083ebe9f0 0000000086950f88
0x000000773d9fe808:   0000000000000000 0000000086950e50
0x000000773d9fe818:   0000000086951208 000000000000003e
0x000000773d9fe828:   0000000000000000 00000000844e3200 

Instructions: (pc=0x0000024c0756ae2c)
0x0000024c0756ad2c:   8b 59 14 8b 5b 28 8b 5b 24 48 8b 5b 10 48 85 db
0x0000024c0756ad3c:   0f 84 10 00 00 00 41 80 bf e0 05 00 00 00 74 03
0x0000024c0756ad4c:   ff 63 38 ff 63 50 e9 a9 16 00 00 66 0f 1f 84 00
0x0000024c0756ad5c:   00 00 00 00 48 8b 53 08 0f b7 52 2e 48 8b 0c d4
0x0000024c0756ad6c:   58 5b 50 44 8b 51 08 49 bb 00 00 00 0f 4c 02 00
0x0000024c0756ad7c:   00 4d 03 d3 4c 8b 5b 10 4b 8b 9c da c8 01 00 00
0x0000024c0756ad8c:   48 85 db 0f 84 10 00 00 00 41 80 bf e0 05 00 00
0x0000024c0756ad9c:   00 74 03 ff 63 38 ff 63 50 e9 56 16 00 00 66 66
0x0000024c0756adac:   66 0f 1f 84 00 00 00 00 00 66 66 66 90 0f 1f 80
0x0000024c0756adbc:   00 00 00 00 58 5b 50 8b 5b 24 48 8b 5b 10 48 85
0x0000024c0756adcc:   db 0f 84 10 00 00 00 41 80 bf e0 05 00 00 00 74
0x0000024c0756addc:   03 ff 63 38 ff 63 50 e9 18 16 00 00 66 66 66 0f
0x0000024c0756adec:   1f 84 00 00 00 00 00 66 66 66 90 66 0f 1f 84 00
0x0000024c0756adfc:   00 00 00 00 48 8b 53 08 0f b7 52 2e 48 8b 0c d4
0x0000024c0756ae0c:   58 5b 50 48 3b 01 8b 5b 24 48 8b 5b 10 48 85 db
0x0000024c0756ae1c:   0f 84 10 00 00 00 41 80 bf e0 05 00 00 00 74 03
0x0000024c0756ae2c:   ff 63 38 ff 63 50 e9 c9 15 00 00 66 0f 1f 84 00
0x0000024c0756ae3c:   00 00 00 00 48 8b 53 08 0f b7 52 2e 48 8b 0c d4
0x0000024c0756ae4c:   58 5b 50 44 8b 51 08 49 bb 00 00 00 0f 4c 02 00
0x0000024c0756ae5c:   00 4d 03 d3 8b 43 18 48 8b 40 10 48 8b 5b 10 45
0x0000024c0756ae6c:   8b 9a a0 00 00 00 4f 8d 9c da c8 01 00 00 4d 8d
0x0000024c0756ae7c:   14 da 49 8b 1b 48 3b c3 74 15 48 85 db 0f 84 32
0x0000024c0756ae8c:   00 00 00 49 83 c3 10 49 8b 1b 48 3b c3 75 eb 45
0x0000024c0756ae9c:   8b 5b 08 4b 8b 1c 1a 48 85 db 0f 84 10 00 00 00
0x0000024c0756aeac:   41 80 bf e0 05 00 00 00 74 03 ff 63 38 ff 63 50
0x0000024c0756aebc:   e9 3f 15 00 00 e9 3a 12 00 00 f4 00 00 00 00 00
0x0000024c0756aecc:   00 00 00 00 00 00 00 00 00 00 00 00 00 00 00 00
0x0000024c0756aedc:   00 00 00 00 00 00 00 00 00 00 00 00 00 00 00 00
0x0000024c0756aeec:   00 00 00 00 00 00 00 00 00 00 00 00 00 00 00 00
0x0000024c0756aefc:   00 00 00 00 00 00 00 00 00 00 00 00 00 00 00 00
0x0000024c0756af0c:   00 00 00 00 00 00 00 00 00 00 00 00 00 00 00 00
0x0000024c0756af1c:   00 00 00 00 00 00 00 00 00 00 00 00 00 00 00 00 


Stack slot to memory mapping:

stack at sp + 0 slots: 0x0000024c0753919a is at code_begin+3354 in an Interpreter codelet
return entry points  [0x0000024c07538480, 0x0000024c0753a550]  8400 bytes
stack at sp + 1 slots: 0x000000773d9fe640 is pointing into the stack for thread: 0x0000024c721d3800
stack at sp + 2 slots: 0x0000024c0f72d8c7 is pointing into metadata
stack at sp + 3 slots: 0x0000000000000004 is an unknown value
stack at sp + 4 slots: 0x0000024c0f0b20d0 is pointing into metadata
stack at sp + 5 slots: 0x0000024c50d0c2f8 is pointing into metadata
stack at sp + 6 slots: 0x00000000839f30a8 is an oop: java.lang.Class 
{0x00000000839f30a8} - klass: 'java/lang/Class'
 - ---- fields (total size 14 words):
 - private volatile transient 'classRedefinedCount' 'I' @12  0 (0x00000000)
 - injected 'klass' 'J' @16  2525693156512 (0x0000024c0f0b1ca0)
 - injected 'array_klass' 'J' @24  0 (0x0000000000000000)
 - injected 'oop_size' 'I' @32  14 (0x0000000e)
 - injected 'static_oop_field_count' 'I' @36  0 (0x00000000)
 - private volatile transient 'cachedConstructor' 'Ljava/lang/reflect/Constructor;' @40  null (0x00000000)
 - private transient 'name' 'Ljava/lang/String;' @44  null (0x00000000)
 - private transient 'module' 'Ljava/lang/Module;' @48  a 'java/lang/Module'{0x0000000083a16f30} (0x83a16f30)
 - private final 'classLoader' 'Ljava/lang/ClassLoader;' @52  null (0x00000000)
 - private transient 'classData' 'Ljava/lang/Object;' @56  null (0x00000000)
 - private transient 'packageName' 'Ljava/lang/String;' @60  null (0x00000000)
 - private final 'componentType' 'Ljava/lang/Class;' @64  null (0x00000000)
 - private volatile transient 'reflectionData' 'Ljava/lang/ref/SoftReference;' @68  null (0x00000000)
 - private volatile transient 'genericInfo' 'Lsun/reflect/generics/repository/ClassRepository;' @72  null (0x00000000)
 - private volatile transient 'enumConstants' '[Ljava/lang/Object;' @76  null (0x00000000)
 - private volatile transient 'enumConstantDirectory' 'Ljava/util/Map;' @80  null (0x00000000)
 - private volatile transient 'annotationData' 'Ljava/lang/Class$AnnotationData;' @84  null (0x00000000)
 - private volatile transient 'annotationType' 'Lsun/reflect/annotation/AnnotationType;' @88  null (0x00000000)
 - transient 'classValueMap' 'Ljava/lang/ClassValue$ClassValueMap;' @92  null (0x00000000)
 - injected 'protection_domain' 'Ljava/lang/Object;' @96  null (0x00000000)
 - injected 'signers_name' 'Ljava/lang/Object;' @100  null (0x00000000)
 - injected 'source_file' 'Ljava/lang/Object;' @104  null (0x00000000)
 - signature: Ljava/lang/invoke/DirectMethodHandle$Holder;
 - ---- static fields (0):
stack at sp + 7 slots: {method} {0x0000024c0f0b6c20} 'newInvokeSpecial' '(Ljava/lang/Object;)Ljava/lang/Object;' in 'java/lang/invoke/DirectMethodHandle$Holder'

MethodHandle::interpreter_entry::_linkToSpecial [0x0000024c0756ade8, 0x0000024c0756ae37] (79 bytes)
[MachCode]
  0x0000024c0756ade8: 6666 660f | 1f84 0000 | 0000 0066 | 6666 9066 | 0f1f 8400 | 0000 0000 | 488b 5308 | 0fb7 522e 
  0x0000024c0756ae08: 488b 0cd4 | 585b 5048 | 3b01 8b5b | 2448 8b5b | 1048 85db | 0f84 1000 | 0000 4180 | bfe0 0500 
  0x0000024c0756ae28: 0000 7403 | ff63 38ff | 6350 e9c9 | 
[/MachCode]

---------------  P R O C E S S  ---------------

Threads class SMR info:
_java_thread_list=0x0000024c5774bc80, length=19, elements={
0x0000024c721d3800, 0x0000024c7fa9b430, 0x0000024c7fa9e050, 0x0000024c7fa9ec60,
0x0000024c7fa9f940, 0x0000024c7faa0550, 0x0000024c7faa1310, 0x0000024c7faabb90,
0x0000024c7faae7f0, 0x0000024c7fcd3f10, 0x0000024c7fe8d5f0, 0x0000024c7fdf1ac0,
0x0000024c7fdf2140, 0x0000024c7fcd31f0, 0x0000024c7fcd5950, 0x0000024c7fcd2b60,
0x0000024c56ac23a0, 0x0000024c56ac0ff0, 0x0000024c56ac3de0
}

Java Threads: ( => current thread )
=>0x0000024c721d3800 JavaThread "main"                              [_thread_in_Java, id=10788, stack(0x000000773d900000,0x000000773da00000) (1024K)]
  0x0000024c7fa9b430 JavaThread "Reference Handler"          daemon [_thread_blocked, id=6584, stack(0x000000773e100000,0x000000773e200000) (1024K)]
  0x0000024c7fa9e050 JavaThread "Finalizer"                  daemon [_thread_blocked, id=14968, stack(0x000000773e200000,0x000000773e300000) (1024K)]
  0x0000024c7fa9ec60 JavaThread "Signal Dispatcher"          daemon [_thread_blocked, id=16204, stack(0x000000773e300000,0x000000773e400000) (1024K)]
  0x0000024c7fa9f940 JavaThread "Attach Listener"            daemon [_thread_blocked, id=15504, stack(0x000000773e400000,0x000000773e500000) (1024K)]
  0x0000024c7faa0550 JavaThread "Service Thread"             daemon [_thread_blocked, id=11128, stack(0x000000773e500000,0x000000773e600000) (1024K)]
  0x0000024c7faa1310 JavaThread "Monitor Deflation Thread"   daemon [_thread_blocked, id=7768, stack(0x000000773e600000,0x000000773e700000) (1024K)]
  0x0000024c7faabb90 JavaThread "C2 CompilerThread0"         daemon [_thread_blocked, id=2920, stack(0x000000773e700000,0x000000773e800000) (1024K)]
  0x0000024c7faae7f0 JavaThread "C1 CompilerThread0"         daemon [_thread_blocked, id=15816, stack(0x000000773e800000,0x000000773e900000) (1024K)]
  0x0000024c7fcd3f10 JavaThread "Common-Cleaner"             daemon [_thread_blocked, id=9444, stack(0x000000773e900000,0x000000773ea00000) (1024K)]
  0x0000024c7fe8d5f0 JavaThread "JDWP Transport Listener: dt_socket" daemon [_thread_blocked, id=7408, stack(0x000000773ea00000,0x000000773eb00000) (1024K)]
  0x0000024c7fdf1ac0 JavaThread "JDWP Event Helper Thread"   daemon [_thread_blocked, id=7472, stack(0x000000773eb00000,0x000000773ec00000) (1024K)]
  0x0000024c7fdf2140 JavaThread "JDWP Command Reader"        daemon [_thread_blocked, id=4244, stack(0x000000773ec00000,0x000000773ed00000) (1024K)]
  0x0000024c7fcd31f0 JavaThread "Notification Thread"        daemon [_thread_blocked, id=13212, stack(0x000000773ef00000,0x000000773f000000) (1024K)]
  0x0000024c7fcd5950 JavaThread "mysql-cj-abandoned-connection-cleanup" daemon [_thread_blocked, id=10176, stack(0x000000773f700000,0x000000773f800000) (1024K)]
  0x0000024c7fcd2b60 JavaThread "HikariPool-1 housekeeper"   daemon [_thread_blocked, id=8504, stack(0x000000773fa00000,0x000000773fb00000) (1024K)]
  0x0000024c56ac23a0 JavaThread "Catalina-utility-1"                [_thread_blocked, id=7896, stack(0x000000773fc00000,0x000000773fd00000) (1024K)]
  0x0000024c56ac0ff0 JavaThread "Catalina-utility-2"                [_thread_blocked, id=9500, stack(0x000000773fd00000,0x000000773fe00000) (1024K)]
  0x0000024c56ac3de0 JavaThread "container-0"                       [_thread_blocked, id=11940, stack(0x000000773fe00000,0x000000773ff00000) (1024K)]
Total: 19

Other Threads:
  0x0000024c7fa76930 VMThread "VM Thread"                           [id=13520, stack(0x000000773e000000,0x000000773e100000) (1024K)] _threads_hazard_ptr=0x0000024c5774bc80
  0x0000024c7fa5e9b0 WatcherThread "VM Periodic Task Thread"        [id=13408, stack(0x000000773df00000,0x000000773e000000) (1024K)]
  0x0000024c7222aca0 WorkerThread "GC Thread#0"                     [id=8124, stack(0x000000773da00000,0x000000773db00000) (1024K)]
  0x0000024c54e05820 WorkerThread "GC Thread#1"                     [id=8352, stack(0x000000773f000000,0x000000773f100000) (1024K)]
  0x0000024c549a2940 WorkerThread "GC Thread#2"                     [id=12524, stack(0x000000773f100000,0x000000773f200000) (1024K)]
  0x0000024c55024c30 WorkerThread "GC Thread#3"                     [id=12740, stack(0x000000773f200000,0x000000773f300000) (1024K)]
  0x0000024c547f1e80 WorkerThread "GC Thread#4"                     [id=12260, stack(0x000000773f300000,0x000000773f400000) (1024K)]
  0x0000024c549a2ce0 WorkerThread "GC Thread#5"                     [id=6356, stack(0x000000773f400000,0x000000773f500000) (1024K)]
  0x0000024c54898240 WorkerThread "GC Thread#6"                     [id=11800, stack(0x000000773f500000,0x000000773f600000) (1024K)]
  0x0000024c54f5a1e0 WorkerThread "GC Thread#7"                     [id=4124, stack(0x000000773f600000,0x000000773f700000) (1024K)]
  0x0000024c7223c560 ConcurrentGCThread "G1 Main Marker"            [id=11780, stack(0x000000773db00000,0x000000773dc00000) (1024K)]
  0x0000024c7223d8c0 WorkerThread "G1 Conc#0"                       [id=10056, stack(0x000000773dc00000,0x000000773dd00000) (1024K)]
  0x0000024c54a333a0 WorkerThread "G1 Conc#1"                       [id=14760, stack(0x000000773f800000,0x000000773f900000) (1024K)]
  0x0000024c7f9330d0 ConcurrentGCThread "G1 Refine#0"               [id=11164, stack(0x000000773dd00000,0x000000773de00000) (1024K)]
  0x0000024c7f933b50 ConcurrentGCThread "G1 Service"                [id=11928, stack(0x000000773de00000,0x000000773df00000) (1024K)]
Total: 15

Threads with active compile tasks:
Total: 0

VM state: synchronizing (normal execution)

VM Mutex/Monitor currently owned by a thread:  ([mutex/lock_event])
[0x00007ff8449b8548] Threads_lock - owner thread: 0x0000024c7fa76930

Heap address: 0x0000000083600000, size: 1994 MB, Compressed Oops mode: 32-bit

CDS archive(s) mapped at: [0x0000024c0f000000-0x0000024c0fc90000-0x0000024c0fc90000), size 13172736, SharedBaseAddress: 0x0000024c0f000000, ArchiveRelocationMode: 1.
Compressed class space mapped at: 0x0000024c10000000-0x0000024c50000000, reserved size: 1073741824
Narrow klass base: 0x0000024c0f000000, Narrow klass shift: 0, Narrow klass range: 0x100000000

GC Precious Log:
 CardTable entry size: 512
 Card Set container configuration: InlinePtr #cards 5 size 8 Array Of Cards #cards 12 size 40 Howl #buckets 4 coarsen threshold 1843 Howl Bitmap #cards 512 size 80 coarsen threshold 460 Card regions per heap region 1 cards per card region 2048
 CPUs: 8 total, 8 available
 Memory: 7969M
 Large Page Support: Disabled
 NUMA Support: Disabled
 Compressed Oops: Enabled (32-bit)
 Heap Region Size: 1M
 Heap Min Capacity: 8M
 Heap Initial Capacity: 126M
 Heap Max Capacity: 1994M
 Pre-touch: Disabled
 Parallel Workers: 8
 Concurrent Workers: 2
 Concurrent Refinement Workers: 8
 Periodic GC: Disabled

Heap:
 garbage-first heap   total 73728K, used 46344K [0x0000000083600000, 0x0000000100000000)
  region size 1024K, 25 young (25600K), 4 survivors (4096K)
 Metaspace       used 64779K, committed 65408K, reserved 1114112K
  class space    used 8593K, committed 8896K, reserved 1048576K

Heap Regions: E=young(eden), S=young(survivor), O=old, HS=humongous(starts), HC=humongous(continues), CS=collection set, F=free, TAMS=top-at-mark-start, PB=parsable bottom
|   0|0x0000000083600000, 0x0000000083700000, 0x0000000083700000|100%|HS|  |TAMS 0x0000000083600000| PB 0x0000000083600000| Complete 
|   1|0x0000000083700000, 0x0000000083800000, 0x0000000083800000|100%| O|  |TAMS 0x0000000083700000| PB 0x0000000083700000| Untracked 
|   2|0x0000000083800000, 0x0000000083900000, 0x0000000083900000|100%| O|  |TAMS 0x0000000083800000| PB 0x0000000083800000| Untracked 
|   3|0x0000000083900000, 0x0000000083a00000, 0x0000000083a00000|100%| O|  |TAMS 0x0000000083900000| PB 0x0000000083900000| Untracked 
|   4|0x0000000083a00000, 0x0000000083b00000, 0x0000000083b00000|100%| O|  |TAMS 0x0000000083a00000| PB 0x0000000083a00000| Untracked 
|   5|0x0000000083b00000, 0x0000000083c00000, 0x0000000083c00000|100%| O|  |TAMS 0x0000000083b00000| PB 0x0000000083b00000| Untracked 
|   6|0x0000000083c00000, 0x0000000083cf0890, 0x0000000083d00000| 93%| O|  |TAMS 0x0000000083c00000| PB 0x0000000083c00000| Untracked 
|   7|0x0000000083d00000, 0x0000000083e00000, 0x0000000083e00000|100%| O|  |TAMS 0x0000000083d00000| PB 0x0000000083d00000| Untracked 
|   8|0x0000000083e00000, 0x0000000083f00000, 0x0000000083f00000|100%| O|  |TAMS 0x0000000083e00000| PB 0x0000000083e00000| Untracked 
|   9|0x0000000083f00000, 0x0000000084000000, 0x0000000084000000|100%| O|  |TAMS 0x0000000083f00000| PB 0x0000000083f00000| Untracked 
|  10|0x0000000084000000, 0x0000000084100000, 0x0000000084100000|100%| O|  |TAMS 0x0000000084000000| PB 0x0000000084000000| Untracked 
|  11|0x0000000084100000, 0x0000000084200000, 0x0000000084200000|100%| O|  |TAMS 0x0000000084100000| PB 0x0000000084100000| Untracked 
|  12|0x0000000084200000, 0x0000000084300000, 0x0000000084300000|100%| O|  |TAMS 0x0000000084200000| PB 0x0000000084200000| Untracked 
|  13|0x0000000084300000, 0x0000000084400000, 0x0000000084400000|100%| O|  |TAMS 0x0000000084300000| PB 0x0000000084300000| Untracked 
|  14|0x0000000084400000, 0x0000000084500000, 0x0000000084500000|100%| O|Cm|TAMS 0x0000000084400000| PB 0x0000000084400000| Complete 
|  15|0x0000000084500000, 0x0000000084600000, 0x0000000084600000|100%| O|  |TAMS 0x0000000084500000| PB 0x0000000084500000| Untracked 
|  16|0x0000000084600000, 0x0000000084700000, 0x0000000084700000|100%| O|  |TAMS 0x0000000084600000| PB 0x0000000084600000| Untracked 
|  17|0x0000000084700000, 0x0000000084800000, 0x0000000084800000|100%| O|  |TAMS 0x0000000084700000| PB 0x0000000084700000| Untracked 
|  18|0x0000000084800000, 0x0000000084900000, 0x0000000084900000|100%| O|  |TAMS 0x0000000084800000| PB 0x0000000084800000| Untracked 
|  19|0x0000000084900000, 0x0000000084a00000, 0x0000000084a00000|100%| O|  |TAMS 0x0000000084900000| PB 0x0000000084900000| Untracked 
|  20|0x0000000084a00000, 0x0000000084b00000, 0x0000000084b00000|100%| O|  |TAMS 0x0000000084a00000| PB 0x0000000084a00000| Untracked 
|  21|0x0000000084b00000, 0x0000000084b517c8, 0x0000000084c00000| 31%| O|  |TAMS 0x0000000084b00000| PB 0x0000000084b00000| Untracked 
|  22|0x0000000084c00000, 0x0000000084c00000, 0x0000000084d00000|  0%| F|  |TAMS 0x0000000084c00000| PB 0x0000000084c00000| Untracked 
|  23|0x0000000084d00000, 0x0000000084d00000, 0x0000000084e00000|  0%| F|  |TAMS 0x0000000084d00000| PB 0x0000000084d00000| Untracked 
|  24|0x0000000084e00000, 0x0000000084e00000, 0x0000000084f00000|  0%| F|  |TAMS 0x0000000084e00000| PB 0x0000000084e00000| Untracked 
|  25|0x0000000084f00000, 0x0000000084f00000, 0x0000000085000000|  0%| F|  |TAMS 0x0000000084f00000| PB 0x0000000084f00000| Untracked 
|  26|0x0000000085000000, 0x0000000085100000, 0x0000000085100000|100%| S|CS|TAMS 0x0000000085000000| PB 0x0000000085000000| Complete 
|  27|0x0000000085100000, 0x0000000085200000, 0x0000000085200000|100%| S|CS|TAMS 0x0000000085100000| PB 0x0000000085100000| Complete 
|  28|0x0000000085200000, 0x0000000085300000, 0x0000000085300000|100%| S|CS|TAMS 0x0000000085200000| PB 0x0000000085200000| Complete 
|  29|0x0000000085300000, 0x0000000085400000, 0x0000000085400000|100%| S|CS|TAMS 0x0000000085300000| PB 0x0000000085300000| Complete 
|  30|0x0000000085400000, 0x0000000085400000, 0x0000000085500000|  0%| F|  |TAMS 0x0000000085400000| PB 0x0000000085400000| Untracked 
|  31|0x0000000085500000, 0x0000000085500000, 0x0000000085600000|  0%| F|  |TAMS 0x0000000085500000| PB 0x0000000085500000| Untracked 
|  32|0x0000000085600000, 0x0000000085600000, 0x0000000085700000|  0%| F|  |TAMS 0x0000000085600000| PB 0x0000000085600000| Untracked 
|  33|0x0000000085700000, 0x0000000085700000, 0x0000000085800000|  0%| F|  |TAMS 0x0000000085700000| PB 0x0000000085700000| Untracked 
|  34|0x0000000085800000, 0x0000000085800000, 0x0000000085900000|  0%| F|  |TAMS 0x0000000085800000| PB 0x0000000085800000| Untracked 
|  35|0x0000000085900000, 0x0000000085900000, 0x0000000085a00000|  0%| F|  |TAMS 0x0000000085900000| PB 0x0000000085900000| Untracked 
|  36|0x0000000085a00000, 0x0000000085a00000, 0x0000000085b00000|  0%| F|  |TAMS 0x0000000085a00000| PB 0x0000000085a00000| Untracked 
|  37|0x0000000085b00000, 0x0000000085b00000, 0x0000000085c00000|  0%| F|  |TAMS 0x0000000085b00000| PB 0x0000000085b00000| Untracked 
|  38|0x0000000085c00000, 0x0000000085c00000, 0x0000000085d00000|  0%| F|  |TAMS 0x0000000085c00000| PB 0x0000000085c00000| Untracked 
|  39|0x0000000085d00000, 0x0000000085d00000, 0x0000000085e00000|  0%| F|  |TAMS 0x0000000085d00000| PB 0x0000000085d00000| Untracked 
|  40|0x0000000085e00000, 0x0000000085e00000, 0x0000000085f00000|  0%| F|  |TAMS 0x0000000085e00000| PB 0x0000000085e00000| Untracked 
|  41|0x0000000085f00000, 0x0000000085f00000, 0x0000000086000000|  0%| F|  |TAMS 0x0000000085f00000| PB 0x0000000085f00000| Untracked 
|  42|0x0000000086000000, 0x0000000086000000, 0x0000000086100000|  0%| F|  |TAMS 0x0000000086000000| PB 0x0000000086000000| Untracked 
|  43|0x0000000086100000, 0x0000000086100000, 0x0000000086200000|  0%| F|  |TAMS 0x0000000086100000| PB 0x0000000086100000| Untracked 
|  44|0x0000000086200000, 0x0000000086200000, 0x0000000086300000|  0%| F|  |TAMS 0x0000000086200000| PB 0x0000000086200000| Untracked 
|  45|0x0000000086300000, 0x0000000086300000, 0x0000000086400000|  0%| F|  |TAMS 0x0000000086300000| PB 0x0000000086300000| Untracked 
|  46|0x0000000086400000, 0x0000000086400000, 0x0000000086500000|  0%| F|  |TAMS 0x0000000086400000| PB 0x0000000086400000| Untracked 
|  47|0x0000000086500000, 0x0000000086500000, 0x0000000086600000|  0%| F|  |TAMS 0x0000000086500000| PB 0x0000000086500000| Untracked 
|  48|0x0000000086600000, 0x0000000086600000, 0x0000000086700000|  0%| F|  |TAMS 0x0000000086600000| PB 0x0000000086600000| Untracked 
|  49|0x0000000086700000, 0x0000000086700000, 0x0000000086800000|  0%| F|  |TAMS 0x0000000086700000| PB 0x0000000086700000| Untracked 
|  50|0x0000000086800000, 0x0000000086800000, 0x0000000086900000|  0%| F|  |TAMS 0x0000000086800000| PB 0x0000000086800000| Untracked 
|  51|0x0000000086900000, 0x0000000086a00000, 0x0000000086a00000|100%| E|  |TAMS 0x0000000086900000| PB 0x0000000086900000| Complete 
|  52|0x0000000086a00000, 0x0000000086b00000, 0x0000000086b00000|100%| E|CS|TAMS 0x0000000086a00000| PB 0x0000000086a00000| Complete 
|  53|0x0000000086b00000, 0x0000000086c00000, 0x0000000086c00000|100%| E|CS|TAMS 0x0000000086b00000| PB 0x0000000086b00000| Complete 
|  54|0x0000000086c00000, 0x0000000086d00000, 0x0000000086d00000|100%| E|CS|TAMS 0x0000000086c00000| PB 0x0000000086c00000| Complete 
|  55|0x0000000086d00000, 0x0000000086e00000, 0x0000000086e00000|100%| E|CS|TAMS 0x0000000086d00000| PB 0x0000000086d00000| Complete 
|  56|0x0000000086e00000, 0x0000000086f00000, 0x0000000086f00000|100%| E|CS|TAMS 0x0000000086e00000| PB 0x0000000086e00000| Complete 
|  57|0x0000000086f00000, 0x0000000087000000, 0x0000000087000000|100%| E|CS|TAMS 0x0000000086f00000| PB 0x0000000086f00000| Complete 
|  58|0x0000000087000000, 0x0000000087100000, 0x0000000087100000|100%| E|CS|TAMS 0x0000000087000000| PB 0x0000000087000000| Complete 
|  59|0x0000000087100000, 0x0000000087200000, 0x0000000087200000|100%| E|CS|TAMS 0x0000000087100000| PB 0x0000000087100000| Complete 
|  60|0x0000000087200000, 0x0000000087300000, 0x0000000087300000|100%| E|CS|TAMS 0x0000000087200000| PB 0x0000000087200000| Complete 
|  61|0x0000000087300000, 0x0000000087400000, 0x0000000087400000|100%| E|CS|TAMS 0x0000000087300000| PB 0x0000000087300000| Complete 
|  62|0x0000000087400000, 0x0000000087500000, 0x0000000087500000|100%| E|CS|TAMS 0x0000000087400000| PB 0x0000000087400000| Complete 
|  63|0x0000000087500000, 0x0000000087600000, 0x0000000087600000|100%| E|CS|TAMS 0x0000000087500000| PB 0x0000000087500000| Complete 
|  64|0x0000000087600000, 0x0000000087700000, 0x0000000087700000|100%| E|CS|TAMS 0x0000000087600000| PB 0x0000000087600000| Complete 
|  65|0x0000000087700000, 0x0000000087800000, 0x0000000087800000|100%| E|CS|TAMS 0x0000000087700000| PB 0x0000000087700000| Complete 
|  66|0x0000000087800000, 0x0000000087900000, 0x0000000087900000|100%| E|CS|TAMS 0x0000000087800000| PB 0x0000000087800000| Complete 
|  67|0x0000000087900000, 0x0000000087a00000, 0x0000000087a00000|100%| E|CS|TAMS 0x0000000087900000| PB 0x0000000087900000| Complete 
|  68|0x0000000087a00000, 0x0000000087b00000, 0x0000000087b00000|100%| E|CS|TAMS 0x0000000087a00000| PB 0x0000000087a00000| Complete 
|  69|0x0000000087b00000, 0x0000000087c00000, 0x0000000087c00000|100%| E|CS|TAMS 0x0000000087b00000| PB 0x0000000087b00000| Complete 
| 124|0x000000008b200000, 0x000000008b300000, 0x000000008b300000|100%| E|CS|TAMS 0x000000008b200000| PB 0x000000008b200000| Complete 
| 125|0x000000008b300000, 0x000000008b400000, 0x000000008b400000|100%| E|CS|TAMS 0x000000008b300000| PB 0x000000008b300000| Complete 

Card table byte_map: [0x0000024c7ad60000,0x0000024c7b150000] _byte_map_base: 0x0000024c7a945000

Marking Bits: (CMBitMap*) 0x0000024c7222c2c0
 Bits: [0x0000024c7b150000, 0x0000024c7d078000)

Polling page: 0x0000024c6fff0000

Metaspace:

Usage:
  Non-class:     54.87 MB used.
      Class:      8.39 MB used.
       Both:     63.26 MB used.

Virtual space:
  Non-class space:       64.00 MB reserved,      55.19 MB ( 86%) committed,  1 nodes.
      Class space:        1.00 GB reserved,       8.69 MB ( <1%) committed,  1 nodes.
             Both:        1.06 GB reserved,      63.88 MB (  6%) committed. 

Chunk freelists:
   Non-Class:  8.10 MB
       Class:  7.37 MB
        Both:  15.47 MB

MaxMetaspaceSize: unlimited
CompressedClassSpaceSize: 1.00 GB
Initial GC threshold: 21.00 MB
Current GC threshold: 98.44 MB
CDS: on
 - commit_granule_bytes: 65536.
 - commit_granule_words: 8192.
 - virtual_space_node_default_size: 8388608.
 - enlarge_chunks_in_place: 1.
 - use_allocation_guard: 0.


Internal statistics:

num_allocs_failed_limit: 9.
num_arena_births: 792.
num_arena_deaths: 0.
num_vsnodes_births: 2.
num_vsnodes_deaths: 0.
num_space_committed: 1022.
num_space_uncommitted: 0.
num_chunks_returned_to_freelist: 9.
num_chunks_taken_from_freelist: 2969.
num_chunk_merges: 9.
num_chunk_splits: 2172.
num_chunks_enlarged: 1693.
num_inconsistent_stats: 0.

CodeHeap 'non-profiled nmethods': size=120000Kb used=4094Kb max_used=4094Kb free=115905Kb
 bounds [0x0000024c07ad0000, 0x0000024c07ef0000, 0x0000024c0f000000]
CodeHeap 'profiled nmethods': size=120000Kb used=10761Kb max_used=11448Kb free=109238Kb
 bounds [0x0000024c00000000, 0x0000024c00b40000, 0x0000024c07530000]
CodeHeap 'non-nmethods': size=5760Kb used=1964Kb max_used=2051Kb free=3795Kb
 bounds [0x0000024c07530000, 0x0000024c077a0000, 0x0000024c07ad0000]
 total_blobs=5797 nmethods=5078 adapters=623
 compilation: enabled
              stopped_count=0, restarted_count=0
 full_count=0

Compilation events (20 events):
Event: 7.713 Thread 0x0000024c7faae7f0 nmethod 5825 0x0000024c00895110 code [0x0000024c00895300, 0x0000024c00895768]
Event: 7.713 Thread 0x0000024c7faae7f0 5826       3       org.springframework.core.annotation.AnnotatedElementUtils::hasAnnotation (38 bytes)
Event: 7.714 Thread 0x0000024c7faae7f0 nmethod 5826 0x0000024c00133d10 code [0x0000024c00133f60, 0x0000024c00134670]
Event: 7.714 Thread 0x0000024c7fe8c570 nmethod 5818% 0x0000024c07c11e10 code [0x0000024c07c11fa0, 0x0000024c07c121a0]
Event: 7.714 Thread 0x0000024c7fe8c570 5812       4       org.springframework.core.annotation.TypeMappedAnnotations::scan (66 bytes)
Event: 7.898 Thread 0x0000024c7fe8c570 nmethod 5812 0x0000024c07c92610 code [0x0000024c07c92b60, 0x0000024c07c97b28]
Event: 7.899 Thread 0x0000024c7fe8c570 5814       4       org.springframework.core.annotation.AnnotationsScanner::scan (21 bytes)
Event: 8.011 Thread 0x0000024c7fe2a2f0 nmethod 5580 0x0000024c07d3a210 code [0x0000024c07d3ae60, 0x0000024c07d43478]
Event: 8.013 Thread 0x0000024c7fe2a2f0 5807       4       org.springframework.core.annotation.TypeMappedAnnotations$MergedAnnotationFinder::finish (9 bytes)
Event: 8.014 Thread 0x0000024c7fe2a2f0 nmethod 5807 0x0000024c07c11990 code [0x0000024c07c11b20, 0x0000024c07c11be8]
Event: 8.014 Thread 0x0000024c7fe2a2f0 5806       4       org.springframework.core.annotation.TypeMappedAnnotations$MergedAnnotationFinder::<init> (37 bytes)
Event: 8.017 Thread 0x0000024c7faabb90 nmethod 5808 0x0000024c07ede910 code [0x0000024c07edf0c0, 0x0000024c07ee5360]
Event: 8.017 Thread 0x0000024c7fe2a2f0 nmethod 5806 0x0000024c07c91d10 code [0x0000024c07c91ea0, 0x0000024c07c922d8]
Event: 8.018 Thread 0x0000024c7fe2a2f0 5827       4       jdk.internal.org.objectweb.asm.AnnotationWriter::putAnnotations (67 bytes)
Event: 8.019 Thread 0x0000024c7faabb90 5810       4       org.springframework.core.annotation.TypeMappedAnnotations::isMappingForType (41 bytes)
Event: 8.020 Thread 0x0000024c7fe2a2f0 nmethod 5827 0x0000024c07cf3090 code [0x0000024c07cf3240, 0x0000024c07cf33f8]
Event: 8.029 Thread 0x0000024c7faabb90 nmethod 5810 0x0000024c07cf1e10 code [0x0000024c07cf2000, 0x0000024c07cf28f8]
Event: 8.045 Thread 0x0000024c7fe8c570 nmethod 5814 0x0000024c07cfaa10 code [0x0000024c07cfaf40, 0x0000024c07cff790]
Event: 17.635 Thread 0x0000024c7faae7f0 5828       3       java.util.concurrent.TimeUnit::toNanos (45 bytes)
Event: 17.635 Thread 0x0000024c7faae7f0 nmethod 5828 0x0000024c005f9390 code [0x0000024c005f9540, 0x0000024c005f97b8]

GC Heap History (20 events):
Event: 3.665 GC heap before
{Heap before GC invocations=8 (full 0):
 garbage-first heap   total 51200K, used 42872K [0x0000000083600000, 0x0000000100000000)
  region size 1024K, 29 young (29696K), 3 survivors (3072K)
 Metaspace       used 30907K, committed 31424K, reserved 1114112K
  class space    used 3878K, committed 4096K, reserved 1048576K
}
Event: 3.674 GC heap after
{Heap after GC invocations=9 (full 0):
 garbage-first heap   total 61440K, used 17914K [0x0000000083600000, 0x0000000100000000)
  region size 1024K, 3 young (3072K), 3 survivors (3072K)
 Metaspace       used 30907K, committed 31424K, reserved 1114112K
  class space    used 3878K, committed 4096K, reserved 1048576K
}
Event: 4.134 GC heap before
{Heap before GC invocations=9 (full 0):
 garbage-first heap   total 61440K, used 50682K [0x0000000083600000, 0x0000000100000000)
  region size 1024K, 36 young (36864K), 3 survivors (3072K)
 Metaspace       used 34220K, committed 34752K, reserved 1114112K
  class space    used 4268K, committed 4544K, reserved 1048576K
}
Event: 4.141 GC heap after
{Heap after GC invocations=10 (full 0):
 garbage-first heap   total 61440K, used 19763K [0x0000000083600000, 0x0000000100000000)
  region size 1024K, 4 young (4096K), 4 survivors (4096K)
 Metaspace       used 34220K, committed 34752K, reserved 1114112K
  class space    used 4268K, committed 4544K, reserved 1048576K
}
Event: 4.302 GC heap before
{Heap before GC invocations=10 (full 0):
 garbage-first heap   total 61440K, used 33075K [0x0000000083600000, 0x0000000100000000)
  region size 1024K, 18 young (18432K), 4 survivors (4096K)
 Metaspace       used 35446K, committed 35968K, reserved 1114112K
  class space    used 4452K, committed 4736K, reserved 1048576K
}
Event: 4.309 GC heap after
{Heap after GC invocations=11 (full 0):
 garbage-first heap   total 61440K, used 19965K [0x0000000083600000, 0x0000000100000000)
  region size 1024K, 2 young (2048K), 2 survivors (2048K)
 Metaspace       used 35446K, committed 35968K, reserved 1114112K
  class space    used 4452K, committed 4736K, reserved 1048576K
}
Event: 4.868 GC heap before
{Heap before GC invocations=12 (full 0):
 garbage-first heap   total 61440K, used 54781K [0x0000000083600000, 0x0000000100000000)
  region size 1024K, 36 young (36864K), 2 survivors (2048K)
 Metaspace       used 38742K, committed 39296K, reserved 1114112K
  class space    used 5007K, committed 5248K, reserved 1048576K
}
Event: 4.873 GC heap after
{Heap after GC invocations=13 (full 0):
 garbage-first heap   total 61440K, used 20230K [0x0000000083600000, 0x0000000100000000)
  region size 1024K, 3 young (3072K), 3 survivors (3072K)
 Metaspace       used 38742K, committed 39296K, reserved 1114112K
  class space    used 5007K, committed 5248K, reserved 1048576K
}
Event: 5.724 GC heap before
{Heap before GC invocations=13 (full 0):
 garbage-first heap   total 61440K, used 54022K [0x0000000083600000, 0x0000000100000000)
  region size 1024K, 36 young (36864K), 3 survivors (3072K)
 Metaspace       used 45232K, committed 45696K, reserved 1114112K
  class space    used 5754K, committed 5952K, reserved 1048576K
}
Event: 5.733 GC heap after
{Heap after GC invocations=14 (full 0):
 garbage-first heap   total 61440K, used 21576K [0x0000000083600000, 0x0000000100000000)
  region size 1024K, 4 young (4096K), 4 survivors (4096K)
 Metaspace       used 45232K, committed 45696K, reserved 1114112K
  class space    used 5754K, committed 5952K, reserved 1048576K
}
Event: 6.153 GC heap before
{Heap before GC invocations=14 (full 0):
 garbage-first heap   total 61440K, used 53320K [0x0000000083600000, 0x0000000100000000)
  region size 1024K, 35 young (35840K), 4 survivors (4096K)
 Metaspace       used 48486K, committed 48960K, reserved 1114112K
  class space    used 6196K, committed 6400K, reserved 1048576K
}
Event: 6.162 GC heap after
{Heap after GC invocations=15 (full 0):
 garbage-first heap   total 61440K, used 22959K [0x0000000083600000, 0x0000000100000000)
  region size 1024K, 4 young (4096K), 4 survivors (4096K)
 Metaspace       used 48486K, committed 48960K, reserved 1114112K
  class space    used 6196K, committed 6400K, reserved 1048576K
}
Event: 6.460 GC heap before
{Heap before GC invocations=15 (full 0):
 garbage-first heap   total 61440K, used 53679K [0x0000000083600000, 0x0000000100000000)
  region size 1024K, 34 young (34816K), 4 survivors (4096K)
 Metaspace       used 51614K, committed 52224K, reserved 1114112K
  class space    used 6558K, committed 6848K, reserved 1048576K
}
Event: 6.465 GC heap after
{Heap after GC invocations=16 (full 0):
 garbage-first heap   total 73728K, used 23790K [0x0000000083600000, 0x0000000100000000)
  region size 1024K, 2 young (2048K), 2 survivors (2048K)
 Metaspace       used 51614K, committed 52224K, reserved 1114112K
  class space    used 6558K, committed 6848K, reserved 1048576K
}
Event: 6.808 GC heap before
{Heap before GC invocations=16 (full 0):
 garbage-first heap   total 73728K, used 65774K [0x0000000083600000, 0x0000000100000000)
  region size 1024K, 43 young (44032K), 2 survivors (2048K)
 Metaspace       used 56614K, committed 57152K, reserved 1114112K
  class space    used 7401K, committed 7680K, reserved 1048576K
}
Event: 6.812 GC heap after
{Heap after GC invocations=17 (full 0):
 garbage-first heap   total 73728K, used 24232K [0x0000000083600000, 0x0000000100000000)
  region size 1024K, 3 young (3072K), 3 survivors (3072K)
 Metaspace       used 56614K, committed 57152K, reserved 1114112K
  class space    used 7401K, committed 7680K, reserved 1048576K
}
Event: 7.031 GC heap before
{Heap before GC invocations=17 (full 0):
 garbage-first heap   total 73728K, used 52904K [0x0000000083600000, 0x0000000100000000)
  region size 1024K, 32 young (32768K), 3 survivors (3072K)
 Metaspace       used 59564K, committed 60160K, reserved 1114112K
  class space    used 7860K, committed 8128K, reserved 1048576K
}
Event: 7.034 GC heap after
{Heap after GC invocations=18 (full 0):
 garbage-first heap   total 73728K, used 24764K [0x0000000083600000, 0x0000000100000000)
  region size 1024K, 3 young (3072K), 3 survivors (3072K)
 Metaspace       used 59564K, committed 60160K, reserved 1114112K
  class space    used 7860K, committed 8128K, reserved 1048576K
}
Event: 7.440 GC heap before
{Heap before GC invocations=19 (full 0):
 garbage-first heap   total 73728K, used 64700K [0x0000000083600000, 0x0000000100000000)
  region size 1024K, 42 young (43008K), 3 survivors (3072K)
 Metaspace       used 62729K, committed 63360K, reserved 1114112K
  class space    used 8291K, committed 8576K, reserved 1048576K
}
Event: 7.446 GC heap after
{Heap after GC invocations=20 (full 0):
 garbage-first heap   total 73728K, used 25864K [0x0000000083600000, 0x0000000100000000)
  region size 1024K, 4 young (4096K), 4 survivors (4096K)
 Metaspace       used 62729K, committed 63360K, reserved 1114112K
  class space    used 8291K, committed 8576K, reserved 1048576K
}

Dll operation events (13 events):
Event: 0.008 Loaded shared library C:\Program Files\Java\jdk-21\bin\java.dll
Event: 0.047 Loaded shared library C:\Program Files\Java\jdk-21\bin\jsvml.dll
Event: 0.182 Loaded shared library C:\Program Files\Java\jdk-21\bin\zip.dll
Event: 0.184 Loaded shared library C:\Program Files\Java\jdk-21\bin\instrument.dll
Event: 0.188 Loaded shared library C:\Program Files\Java\jdk-21\bin\net.dll
Event: 0.189 Loaded shared library C:\Program Files\Java\jdk-21\bin\nio.dll
Event: 0.191 Loaded shared library C:\Program Files\Java\jdk-21\bin\zip.dll
Event: 0.306 Loaded shared library C:\Program Files\Java\jdk-21\bin\jimage.dll
Event: 0.349 Loaded shared library C:\Program Files\Java\jdk-21\bin\verify.dll
Event: 2.246 Loaded shared library C:\Program Files\Java\jdk-21\bin\sunmscapi.dll
Event: 3.840 Loaded shared library C:\Program Files\Java\jdk-21\bin\management.dll
Event: 3.842 Loaded shared library C:\Program Files\Java\jdk-21\bin\management_ext.dll
Event: 5.318 Loaded shared library C:\Program Files\Java\jdk-21\bin\extnet.dll

Deoptimization events (20 events):
Event: 7.673 Thread 0x0000024c721d3800 DEOPT PACKING pc=0x0000024c0069ac44 sp=0x000000773d9fc930
Event: 7.673 Thread 0x0000024c721d3800 DEOPT UNPACKING pc=0x0000024c075888e2 sp=0x000000773d9fbe98 mode 1
Event: 7.690 Thread 0x0000024c721d3800 DEOPT PACKING pc=0x0000024c0069ac44 sp=0x000000773d9fb7f0
Event: 7.690 Thread 0x0000024c721d3800 DEOPT UNPACKING pc=0x0000024c075888e2 sp=0x000000773d9fad58 mode 1
Event: 7.690 Thread 0x0000024c721d3800 DEOPT PACKING pc=0x0000024c0069ac44 sp=0x000000773d9fb7f0
Event: 7.690 Thread 0x0000024c721d3800 DEOPT UNPACKING pc=0x0000024c075888e2 sp=0x000000773d9fad58 mode 1
Event: 7.692 Thread 0x0000024c721d3800 DEOPT PACKING pc=0x0000024c0069ac44 sp=0x000000773d9fc940
Event: 7.692 Thread 0x0000024c721d3800 DEOPT UNPACKING pc=0x0000024c075888e2 sp=0x000000773d9fbea8 mode 1
Event: 7.692 Thread 0x0000024c721d3800 DEOPT PACKING pc=0x0000024c0069ac44 sp=0x000000773d9fc940
Event: 7.692 Thread 0x0000024c721d3800 DEOPT UNPACKING pc=0x0000024c075888e2 sp=0x000000773d9fbea8 mode 1
Event: 7.695 Thread 0x0000024c721d3800 DEOPT PACKING pc=0x0000024c0069ac44 sp=0x000000773d9fdcb0
Event: 7.695 Thread 0x0000024c721d3800 DEOPT UNPACKING pc=0x0000024c075888e2 sp=0x000000773d9fd218 mode 1
Event: 7.696 Thread 0x0000024c721d3800 DEOPT PACKING pc=0x0000024c0069ac44 sp=0x000000773d9fdcb0
Event: 7.696 Thread 0x0000024c721d3800 DEOPT UNPACKING pc=0x0000024c075888e2 sp=0x000000773d9fd218 mode 1
Event: 25.636 Thread 0x0000024c721d3800 DEOPT PACKING pc=0x0000024c0040f0fc sp=0x000000773d9fe640
Event: 25.636 Thread 0x0000024c721d3800 DEOPT UNPACKING pc=0x0000024c075888e2 sp=0x000000773d9fdaf8 mode 0
Event: 25.653 Thread 0x0000024c7fe8d5f0 Uncommon trap: trap_request=0xffffff45 fr.pc=0x0000024c07b42d94 relative=0x0000000000000b14
Event: 25.653 Thread 0x0000024c7fe8d5f0 Uncommon trap: reason=unstable_if action=reinterpret pc=0x0000024c07b42d94 method=sun.instrument.InstrumentationImpl.transform(Ljava/lang/Module;Ljava/lang/ClassLoader;Ljava/lang/String;Ljava/lang/Class;Ljava/security/ProtectionDomain;[BZ)[B @ 24 c2
Event: 25.653 Thread 0x0000024c7fe8d5f0 DEOPT PACKING pc=0x0000024c07b42d94 sp=0x000000773eafe400
Event: 25.653 Thread 0x0000024c7fe8d5f0 DEOPT UNPACKING pc=0x0000024c07587da2 sp=0x000000773eafe4d8 mode 2

Classes loaded (20 events):
Event: 7.681 Loading class sun/security/provider/MD5
Event: 7.681 Loading class sun/security/provider/MD5 done
Event: 7.683 Loading class java/nio/StringCharBuffer
Event: 7.683 Loading class java/nio/StringCharBuffer done
Event: 7.683 Loading class javax/crypto/SecretKeyFactory
Event: 7.683 Loading class javax/crypto/SecretKeyFactory done
Event: 7.683 Loading class com/sun/crypto/provider/PBKDF2Core$HmacSHA256
Event: 7.683 Loading class com/sun/crypto/provider/PBKDF2Core
Event: 7.683 Loading class javax/crypto/SecretKeyFactorySpi
Event: 7.683 Loading class javax/crypto/SecretKeyFactorySpi done
Event: 7.683 Loading class com/sun/crypto/provider/PBKDF2Core done
Event: 7.683 Loading class com/sun/crypto/provider/PBKDF2Core$HmacSHA256 done
Event: 7.706 Loading class com/sun/crypto/provider/KeyGeneratorCore$HmacKG$SHA256
Event: 7.706 Loading class com/sun/crypto/provider/KeyGeneratorCore$HmacKG
Event: 7.706 Loading class com/sun/crypto/provider/KeyGeneratorCore$HmacKG done
Event: 7.706 Loading class com/sun/crypto/provider/KeyGeneratorCore$HmacKG$SHA256 done
Event: 7.706 Loading class com/sun/crypto/provider/KeyGeneratorCore
Event: 7.707 Loading class com/sun/crypto/provider/KeyGeneratorCore done
Event: 7.707 Loading class com/sun/crypto/provider/SunJCE$SecureRandomHolder
Event: 7.707 Loading class com/sun/crypto/provider/SunJCE$SecureRandomHolder done

Classes unloaded (0 events):
No events

Classes redefined (1 events):
Event: 25.660 Thread 0x0000024c7fa76930 redefined class name=com.saiTurf.API.controller.ResponseController, count=1

Internal exceptions (20 events):
Event: 6.924 Thread 0x0000024c721d3800 Exception <a 'java/lang/NoSuchMethodError'{0x00000000870b53d0}: 'java.lang.Object java.lang.invoke.Invokers$Holder.linkToTargetMethod(java.lang.Object, int, java.lang.Object, java.lang.Object)'> (0x00000000870b53d0) 
thrown [s\open\src\hotspot\share\interpreter\linkResolver.cpp, line 773]
Event: 6.932 Thread 0x0000024c721d3800 Exception <a 'java/lang/NoSuchMethodError'{0x0000000086fc93f8}: 'void java.lang.invoke.DirectMethodHandle$Holder.invokeSpecial(java.lang.Object, java.lang.Object, java.lang.Object, java.lang.Object, java.lang.Object, java.lang.Object, java.lang.Object, java.lang.Object)'> (0x0000000086fc93f8) 
thrown [s\open\src\hotspot\share\interpreter\linkResolver.cpp, line 773]
Event: 6.936 Thread 0x0000024c721d3800 Exception <a 'java/lang/NoSuchMethodError'{0x0000000086e66b98}: 'java.lang.Object java.lang.invoke.DirectMethodHandle$Holder.newInvokeSpecial(java.lang.Object, java.lang.Object, int)'> (0x0000000086e66b98) 
thrown [s\open\src\hotspot\share\interpreter\linkResolver.cpp, line 773]
Event: 6.964 Thread 0x0000024c721d3800 Exception <a 'java/lang/NoSuchMethodError'{0x0000000086af07b0}: 'java.lang.Object java.lang.invoke.DirectMethodHandle$Holder.newInvokeSpecial(java.lang.Object, java.lang.Object, java.lang.Object, java.lang.Object, java.lang.Object, int, java.lang.Object)'> (0x0000000086af07b0) 
thrown [s\open\src\hotspot\share\interpreter\linkResolver.cpp, line 773]
Event: 6.969 Thread 0x0000024c721d3800 Exception <a 'java/lang/NoSuchMethodError'{0x0000000086947808}: 'java.lang.Object java.lang.invoke.DirectMethodHandle$Holder.newInvokeSpecial(java.lang.Object, java.lang.Object, java.lang.Object, java.lang.Object, java.lang.Object, java.lang.Object, java.lang.Object, java.lang.Object, java.lang.Object, java.lang.Object, java.lang.Object, java.lang.Object)'> (0x0000000086947808) 
thrown [s\open\src\hotspot\share\interpreter\linkResolver.cpp, line 773]
Event: 6.970 Thread 0x0000024c721d3800 Exception <a 'java/lang/NoSuchMethodError'{0x000000008694c8b0}: 'java.lang.Object java.lang.invoke.DirectMethodHandle$Holder.invokeSpecial(java.lang.Object, java.lang.Object, java.lang.Object, java.lang.Object, java.lang.Object, java.lang.Object, java.lang.Object, java.lang.Object, java.lang.Object, java.lang.Object, java.lang.Object, java.lang.Object, java.lang.Object)'> (0x000000008694c8b0) 
thrown [s\open\src\hotspot\share\interpreter\linkResolver.cpp, line 773]
Event: 6.970 Thread 0x0000024c721d3800 Exception <a 'java/lang/NoSuchMethodError'{0x0000000086951598}: 'java.lang.Object java.lang.invoke.Invokers$Holder.linkToTargetMethod(java.lang.Object, java.lang.Object, java.lang.Object, java.lang.Object, java.lang.Object, java.lang.Object, java.lang.Object, java.lang.Object, java.lang.Object, java.lang.Object, java.lang.Object, java.lang.Object)'> (0x0000000086951598) 
thrown [s\open\src\hotspot\share\interpreter\linkResolver.cpp, line 773]
Event: 7.006 Thread 0x0000024c721d3800 Exception <a 'java/lang/NoSuchMethodError'{0x00000000865e47a0}: 'java.lang.Object java.lang.invoke.DirectMethodHandle$Holder.newInvokeSpecial(java.lang.Object, java.lang.Object, java.lang.Object, java.lang.Object, java.lang.Object, java.lang.Object)'> (0x00000000865e47a0) 
thrown [s\open\src\hotspot\share\interpreter\linkResolver.cpp, line 773]
Event: 7.015 Thread 0x0000024c721d3800 Exception <a 'java/lang/NoSuchMethodError'{0x00000000864ec058}: 'java.lang.Object java.lang.invoke.DirectMethodHandle$Holder.newInvokeSpecial(java.lang.Object, java.lang.Object, java.lang.Object, java.lang.Object, java.lang.Object, java.lang.Object, java.lang.Object, int)'> (0x00000000864ec058) 
thrown [s\open\src\hotspot\share\interpreter\linkResolver.cpp, line 773]
Event: 7.015 Thread 0x0000024c721d3800 Exception <a 'java/lang/NoSuchMethodError'{0x00000000864f0dc8}: 'java.lang.Object java.lang.invoke.DirectMethodHandle$Holder.invokeSpecial(java.lang.Object, java.lang.Object, java.lang.Object, java.lang.Object, java.lang.Object, java.lang.Object, java.lang.Object, java.lang.Object, int)'> (0x00000000864f0dc8) 
thrown [s\open\src\hotspot\share\interpreter\linkResolver.cpp, line 773]
Event: 7.015 Thread 0x0000024c721d3800 Exception <a 'java/lang/NoSuchMethodError'{0x00000000864f55f0}: 'java.lang.Object java.lang.invoke.Invokers$Holder.linkToTargetMethod(java.lang.Object, java.lang.Object, java.lang.Object, java.lang.Object, java.lang.Object, java.lang.Object, int, java.lang.Object)'> (0x00000000864f55f0) 
thrown [s\open\src\hotspot\share\interpreter\linkResolver.cpp, line 773]
Event: 7.029 Thread 0x0000024c721d3800 Exception <a 'java/lang/NoSuchMethodError'{0x0000000086145dc0}: 'void java.lang.invoke.DirectMethodHandle$Holder.invokeInterface(java.lang.Object, java.lang.Object)'> (0x0000000086145dc0) 
thrown [s\open\src\hotspot\share\interpreter\linkResolver.cpp, line 773]
Event: 7.160 Thread 0x0000024c721d3800 Exception <a 'java/lang/IncompatibleClassChangeError'{0x00000000871e8a98}: Found class java.lang.Object, but interface was expected> (0x00000000871e8a98) 
thrown [s\open\src\hotspot\share\interpreter\linkResolver.cpp, line 840]
Event: 7.172 Thread 0x0000024c721d3800 Exception <a 'java/lang/IncompatibleClassChangeError'{0x0000000087094eb8}: Found class java.lang.Object, but interface was expected> (0x0000000087094eb8) 
thrown [s\open\src\hotspot\share\interpreter\linkResolver.cpp, line 840]
Event: 7.197 Thread 0x0000024c721d3800 Implicit null exception at 0x0000024c07ec8471 to 0x0000024c07ec8720
Event: 7.208 Thread 0x0000024c721d3800 Exception <a 'java/lang/IncompatibleClassChangeError'{0x0000000086c2a6c8}: Found class java.lang.Object, but interface was expected> (0x0000000086c2a6c8) 
thrown [s\open\src\hotspot\share\interpreter\linkResolver.cpp, line 840]
Event: 7.386 Thread 0x0000024c721d3800 Exception <a 'java/lang/IncompatibleClassChangeError'{0x0000000085b77a00}: Found class java.lang.Object, but interface was expected> (0x0000000085b77a00) 
thrown [s\open\src\hotspot\share\interpreter\linkResolver.cpp, line 840]
Event: 7.507 Thread 0x0000024c721d3800 Exception <a 'java/lang/IncompatibleClassChangeError'{0x000000008791a890}: Found class java.lang.Object, but interface was expected> (0x000000008791a890) 
thrown [s\open\src\hotspot\share\interpreter\linkResolver.cpp, line 840]
Event: 7.608 Thread 0x0000024c721d3800 Exception <a 'java/lang/NoSuchMethodError'{0x000000008703dd80}: 'long java.lang.invoke.DirectMethodHandle$Holder.invokeVirtual(java.lang.Object, java.lang.Object)'> (0x000000008703dd80) 
thrown [s\open\src\hotspot\share\interpreter\linkResolver.cpp, line 773]
Event: 7.634 Thread 0x0000024c721d3800 Exception <a 'java/lang/NoSuchMethodError'{0x0000000086e0c3a8}: 'void java.lang.invoke.Invokers$Holder.invokeExact_MT(java.lang.Object, java.lang.Object, java.lang.Object, java.lang.Object)'> (0x0000000086e0c3a8) 
thrown [s\open\src\hotspot\share\interpreter\linkResolver.cpp, line 773]

ZGC Phase Switch (0 events):
No events

VM Operations (20 events):
Event: 7.919 Executing VM operation: GetObjectMonitorUsage
Event: 7.919 Executing VM operation: GetObjectMonitorUsage done
Event: 7.919 Executing VM operation: GetObjectMonitorUsage
Event: 7.920 Executing VM operation: GetObjectMonitorUsage done
Event: 7.922 Executing VM operation: get/set locals
Event: 7.922 Executing VM operation: get/set locals done
Event: 7.924 Executing VM operation: get/set locals
Event: 7.924 Executing VM operation: get/set locals done
Event: 7.925 Executing VM operation: get/set locals
Event: 7.925 Executing VM operation: get/set locals done
Event: 7.926 Executing VM operation: get/set locals
Event: 7.926 Executing VM operation: get/set locals done
Event: 25.632 Executing VM operation: ChangeSingleStep
Event: 25.632 Executing VM operation: ChangeSingleStep done
Event: 25.636 Executing VM operation: ChangeSingleStep
Event: 25.636 Executing VM operation: ChangeSingleStep done
Event: 25.654 Executing VM operation: RedefineClasses
Event: 25.674 Executing VM operation: RedefineClasses done
Event: 25.676 Executing VM operation: ChangeSingleStep
Event: 25.676 Executing VM operation: ChangeSingleStep done

Events (20 events):
Event: 7.053 Thread 0x0000024c7fa76930 flushing nmethod 0x0000024c07bfee10
Event: 7.053 Thread 0x0000024c7fa76930 flushing nmethod 0x0000024c07be6a10
Event: 7.053 Thread 0x0000024c7fa76930 flushing nmethod 0x0000024c07bc3610
Event: 7.053 Thread 0x0000024c7fa76930 flushing nmethod 0x0000024c07bbde90
Event: 7.053 Thread 0x0000024c7fa76930 flushing nmethod 0x0000024c07bc5790
Event: 7.053 Thread 0x0000024c7fa76930 flushing nmethod 0x0000024c07b8f910
Event: 7.053 Thread 0x0000024c7fa76930 flushing nmethod 0x0000024c07b2c190
Event: 7.053 Thread 0x0000024c7fa76930 flushing nmethod 0x0000024c07b65090
Event: 7.053 Thread 0x0000024c7fa76930 flushing nmethod 0x0000024c07b64a90
Event: 7.053 Thread 0x0000024c7fa76930 flushing nmethod 0x0000024c07b50c10
Event: 7.053 Thread 0x0000024c7fa76930 flushing nmethod 0x0000024c07b04a10
Event: 7.053 Thread 0x0000024c7fa76930 flushing nmethod 0x0000024c07b03310
Event: 7.053 Thread 0x0000024c7fa76930 flushing nmethod 0x0000024c07adbc90
Event: 7.053 Thread 0x0000024c7fa76930 flushing nmethod 0x0000024c07ad0010
Event: 7.621 Thread 0x0000024c56ac23a0 Thread added: 0x0000024c56ac23a0
Event: 7.622 Thread 0x0000024c56ac0ff0 Thread added: 0x0000024c56ac0ff0
Event: 7.630 Thread 0x0000024c56ac3de0 Thread added: 0x0000024c56ac3de0
Event: 11.293 Thread 0x0000024c56ac0960 Thread exited: 0x0000024c56ac0960
Event: 13.053 Thread 0x0000024c7fe8c570 Thread exited: 0x0000024c7fe8c570
Event: 17.635 Thread 0x0000024c7fe2a2f0 Thread exited: 0x0000024c7fe2a2f0


Dynamic libraries:
0x00007ff79eee0000 - 0x00007ff79eef0000 	C:\Program Files\Java\jdk-21\bin\javaw.exe
0x00007ff8f4ff0000 - 0x00007ff8f51e8000 	C:\Windows\SYSTEM32\ntdll.dll
0x00007ff8f4d50000 - 0x00007ff8f4e12000 	C:\Windows\System32\KERNEL32.DLL
0x00007ff8f2ac0000 - 0x00007ff8f2dbf000 	C:\Windows\System32\KERNELBASE.dll
0x00007ff8f27c0000 - 0x00007ff8f28c0000 	C:\Windows\System32\ucrtbase.dll
0x00007ff8ebd20000 - 0x00007ff8ebd3b000 	C:\Program Files\Java\jdk-21\bin\VCRUNTIME140.dll
0x00007ff8ead70000 - 0x00007ff8ead89000 	C:\Program Files\Java\jdk-21\bin\jli.dll
0x00007ff8f3130000 - 0x00007ff8f31df000 	C:\Windows\System32\ADVAPI32.dll
0x00007ff8f47d0000 - 0x00007ff8f486e000 	C:\Windows\System32\msvcrt.dll
0x00007ff8f4f10000 - 0x00007ff8f4faf000 	C:\Windows\System32\sechost.dll
0x00007ff8f49a0000 - 0x00007ff8f4ac3000 	C:\Windows\System32\RPCRT4.dll
0x00007ff8f2740000 - 0x00007ff8f2767000 	C:\Windows\System32\bcrypt.dll
0x00007ff8f31e0000 - 0x00007ff8f337d000 	C:\Windows\System32\USER32.dll
0x00007ff8f2ee0000 - 0x00007ff8f2f02000 	C:\Windows\System32\win32u.dll
0x00007ff8d86e0000 - 0x00007ff8d897a000 	C:\Windows\WinSxS\amd64_microsoft.windows.common-controls_6595b64144ccf1df_6.0.19041.4355_none_60b8b9eb71f62e16\COMCTL32.dll
0x00007ff8f3770000 - 0x00007ff8f379b000 	C:\Windows\System32\GDI32.dll
0x00007ff8f2dc0000 - 0x00007ff8f2eda000 	C:\Windows\System32\gdi32full.dll
0x00007ff8f28c0000 - 0x00007ff8f295d000 	C:\Windows\System32\msvcp_win.dll
0x00007ff8ec1b0000 - 0x00007ff8ec1ba000 	C:\Windows\SYSTEM32\VERSION.dll
0x00007ff8f4e30000 - 0x00007ff8f4e5f000 	C:\Windows\System32\IMM32.DLL
0x00007ff8ef950000 - 0x00007ff8ef95c000 	C:\Program Files\Java\jdk-21\bin\vcruntime140_1.dll
0x00007ff8c8200000 - 0x00007ff8c828e000 	C:\Program Files\Java\jdk-21\bin\msvcp140.dll
0x00007ff843d80000 - 0x00007ff844a93000 	C:\Program Files\Java\jdk-21\bin\server\jvm.dll
0x00007ff8f46b0000 - 0x00007ff8f471b000 	C:\Windows\System32\WS2_32.dll
0x00007ff8f1bd0000 - 0x00007ff8f1c1b000 	C:\Windows\SYSTEM32\POWRPROF.dll
0x00007ff8e0f70000 - 0x00007ff8e0f97000 	C:\Windows\SYSTEM32\WINMM.dll
0x00007ff8f1a90000 - 0x00007ff8f1aa2000 	C:\Windows\SYSTEM32\UMPDC.dll
0x00007ff8f0eb0000 - 0x00007ff8f0ec2000 	C:\Windows\SYSTEM32\kernel.appcore.dll
0x00007ff8ebd10000 - 0x00007ff8ebd1a000 	C:\Program Files\Java\jdk-21\bin\jimage.dll
0x00007ff8f0410000 - 0x00007ff8f05f4000 	C:\Windows\SYSTEM32\DBGHELP.DLL
0x00007ff8d0fc0000 - 0x00007ff8d0ff4000 	C:\Windows\SYSTEM32\dbgcore.DLL
0x00007ff8f2f10000 - 0x00007ff8f2f92000 	C:\Windows\System32\bcryptPrimitives.dll
0x00007ff8c81c0000 - 0x00007ff8c81fc000 	C:\Program Files\Java\jdk-21\bin\jdwp.dll
0x00007ff8eb730000 - 0x00007ff8eb73f000 	C:\Program Files\Java\jdk-21\bin\instrument.dll
0x00007ff8e2030000 - 0x00007ff8e204f000 	C:\Program Files\Java\jdk-21\bin\java.dll
0x00007ff8f3950000 - 0x00007ff8f40bd000 	C:\Windows\System32\SHELL32.dll
0x00007ff8f06f0000 - 0x00007ff8f0e94000 	C:\Windows\SYSTEM32\windows.storage.dll
0x00007ff8f3380000 - 0x00007ff8f36d5000 	C:\Windows\System32\combase.dll
0x00007ff8f20c0000 - 0x00007ff8f20ef000 	C:\Windows\SYSTEM32\Wldp.dll
0x00007ff8f4c80000 - 0x00007ff8f4d4d000 	C:\Windows\System32\OLEAUT32.dll
0x00007ff8f4720000 - 0x00007ff8f47cd000 	C:\Windows\System32\SHCORE.dll
0x00007ff8f38f0000 - 0x00007ff8f3945000 	C:\Windows\System32\shlwapi.dll
0x00007ff8f25c0000 - 0x00007ff8f25e4000 	C:\Windows\SYSTEM32\profapi.dll
0x00007ff8c80e0000 - 0x00007ff8c81b7000 	C:\Program Files\Java\jdk-21\bin\jsvml.dll
0x00007ff8eab20000 - 0x00007ff8eab2c000 	C:\Program Files\Java\jdk-21\bin\dt_socket.dll
0x00007ff8f1ab0000 - 0x00007ff8f1aeb000 	C:\Windows\SYSTEM32\IPHLPAPI.DLL
0x00007ff8f1e20000 - 0x00007ff8f1e8c000 	C:\Windows\system32\mswsock.dll
0x00007ff8f1af0000 - 0x00007ff8f1bba000 	C:\Windows\SYSTEM32\DNSAPI.dll
0x00007ff8f41a0000 - 0x00007ff8f41a8000 	C:\Windows\System32\NSI.dll
0x00007ff8d7dd0000 - 0x00007ff8d7dda000 	C:\Windows\System32\rasadhlp.dll
0x00007ff8d80f0000 - 0x00007ff8d8170000 	C:\Windows\System32\fwpuclnt.dll
0x00007ff8da280000 - 0x00007ff8da298000 	C:\Program Files\Java\jdk-21\bin\zip.dll
0x00007ff8e7bd0000 - 0x00007ff8e7be0000 	C:\Program Files\Java\jdk-21\bin\net.dll
0x00007ff8e9eb0000 - 0x00007ff8e9fba000 	C:\Windows\SYSTEM32\WINHTTP.dll
0x00007ff8d9820000 - 0x00007ff8d9836000 	C:\Program Files\Java\jdk-21\bin\nio.dll
0x00007ff8d9d60000 - 0x00007ff8d9d70000 	C:\Program Files\Java\jdk-21\bin\verify.dll
0x00007ff8d9810000 - 0x00007ff8d981e000 	C:\Program Files\Java\jdk-21\bin\sunmscapi.dll
0x00007ff8f2960000 - 0x00007ff8f2abc000 	C:\Windows\System32\CRYPT32.dll
0x00007ff8f2130000 - 0x00007ff8f2157000 	C:\Windows\SYSTEM32\ncrypt.dll
0x00007ff8f20f0000 - 0x00007ff8f212b000 	C:\Windows\SYSTEM32\NTASN1.dll
0x00007ff8f2020000 - 0x00007ff8f2038000 	C:\Windows\SYSTEM32\CRYPTSP.dll
0x00007ff8f16d0000 - 0x00007ff8f1704000 	C:\Windows\system32\rsaenh.dll
0x00007ff8f2540000 - 0x00007ff8f256e000 	C:\Windows\SYSTEM32\USERENV.dll
0x00007ff8f2010000 - 0x00007ff8f201c000 	C:\Windows\SYSTEM32\CRYPTBASE.dll
0x00007ff8d96c0000 - 0x00007ff8d96ca000 	C:\Program Files\Java\jdk-21\bin\management.dll
0x00007ff8d96b0000 - 0x00007ff8d96bb000 	C:\Program Files\Java\jdk-21\bin\management_ext.dll
0x00007ff8f4e20000 - 0x00007ff8f4e28000 	C:\Windows\System32\PSAPI.DLL
0x00007ff8d9510000 - 0x00007ff8d9517000 	C:\Program Files\Java\jdk-21\bin\extnet.dll

dbghelp: loaded successfully - version: 4.0.5 - missing functions: none
symbol engine: initialized successfully - sym options: 0x614 - pdb path: .;C:\Program Files\Java\jdk-21\bin;C:\Windows\SYSTEM32;C:\Windows\WinSxS\amd64_microsoft.windows.common-controls_6595b64144ccf1df_6.0.19041.4355_none_60b8b9eb71f62e16;C:\Program Files\Java\jdk-21\bin\server

VM Arguments:
jvm_args: -XX:+ShowCodeDetailsInExceptionMessages -agentlib:jdwp=transport=dt_socket,suspend=y,address=localhost:49562 -javaagent:D:\Ecllipse\eclipse-java-2023-09-R-win32-x86_64\eclipse\configuration\org.eclipse.osgi\252\0\.cp\lib\javaagent-shaded.jar -Dfile.encoding=UTF-8 -Dstdout.encoding=UTF-8 -Dstderr.encoding=UTF-8 
java_command: com.saiTurf.API.ApiApplication
java_class_path (initial): E:\API Code\API\target\classes;C:\Users\Suraj\.m2\repository\org\springframework\boot\spring-boot-starter-web\3.2.2\spring-boot-starter-web-3.2.2.jar;C:\Users\Suraj\.m2\repository\org\springframework\boot\spring-boot-starter\3.2.2\spring-boot-starter-3.2.2.jar;C:\Users\Suraj\.m2\repository\org\springframework\boot\spring-boot\3.2.2\spring-boot-3.2.2.jar;C:\Users\Suraj\.m2\repository\org\springframework\boot\spring-boot-autoconfigure\3.2.2\spring-boot-autoconfigure-3.2.2.jar;C:\Users\Suraj\.m2\repository\org\springframework\boot\spring-boot-starter-logging\3.2.2\spring-boot-starter-logging-3.2.2.jar;C:\Users\Suraj\.m2\repository\ch\qos\logback\logback-classic\1.4.14\logback-classic-1.4.14.jar;C:\Users\Suraj\.m2\repository\ch\qos\logback\logback-core\1.4.14\logback-core-1.4.14.jar;C:\Users\Suraj\.m2\repository\org\apache\logging\log4j\log4j-to-slf4j\2.21.1\log4j-to-slf4j-2.21.1.jar;C:\Users\Suraj\.m2\repository\org\apache\logging\log4j\log4j-api\2.21.1\log4j-api-2.21.1.jar;C:\Users\Suraj\.m2\repository\org\slf4j\jul-to-slf4j\2.0.11\jul-to-slf4j-2.0.11.jar;C:\Users\Suraj\.m2\repository\jakarta\annotation\jakarta.annotation-api\2.1.1\jakarta.annotation-api-2.1.1.jar;C:\Users\Suraj\.m2\repository\org\springframework\spring-core\6.1.3\spring-core-6.1.3.jar;C:\Users\Suraj\.m2\repository\org\springframework\spring-jcl\6.1.3\spring-jcl-6.1.3.jar;C:\Users\Suraj\.m2\repository\org\yaml\snakeyaml\2.2\snakeyaml-2.2.jar;C:\Users\Suraj\.m2\repository\org\springframework\boot\spring-boot-starter-json\3.2.2\spring-boot-starter-json-3.2.2.jar;C:\Users\Suraj\.m2\repository\com\fasterxml\jackson\datatype\jackson-datatype-jdk8\2.15.3\jackson-datatype-jdk8-2.15.3.jar;C:\Users\Suraj\.m2\repository\com\fasterxml\jackson\datatype\jackson-datatype-jsr310\2.15.3\jackson-datatype-jsr310-2.15.3.jar;C:\Users\Suraj\.m2\repository\com\fasterxml\jackson\module\jackson-module-parameter-names\2.15.3\jackson-module-parameter-names-2.15.3.jar;C:\Users\Suraj\.m2\repository\org\springframework\boot\spring-boot-starter-tomcat\3.2.2\spring-boot-starter-tomcat-3.2.2.jar;C:\Users\Suraj\.m2\repository\org\apache\tomcat\embed\tomcat-embed-core\10.1.18\tomcat-embed-core-10.1.18.jar;C:\Users\Suraj\.m2\repository\org\apache\tomcat\embed\tomcat-embed-websocket\10.1.18\tomcat-embed-websocket-10.1.18.jar;C:\Users\Suraj\.m2\repository\org\springframework\spring-web\6.1.3\spring-web-6.1.3.jar;C:\Users\Suraj\.m2\repository\org\springframework\spring-beans\6.1.3\spring-beans-6.1.3.jar;C:\Users\Suraj\.m2\repository\io\micrometer\micrometer-observation\1.12.2\micrometer-observation-1.12.2.jar;C:\Users\Suraj\.m2\repository\io\micrometer\micrometer-commons\1.12.2\micrometer-commons-1.12.2.jar;C:\Users\Suraj\.m2\repository\org\springframework\spring-webmvc\6.1.3\spring-webmvc-6.1.3.jar;C:\Users\Suraj\.m2\repository\org\springframework\spring-context\6.1.3\spring-context-6.1.3.jar;C:\Users\Suraj\.m2\repository\org\springframework\spring-expression\6.1.3\spring-expression-6.1.3.jar;C:\Users\Suraj\.m2\repository\org\springframework\boot\spring-boot-starter-data-jpa\3.2.2\spring-boot-starter-data-jpa-3.2.2.jar;C:\Users\Suraj\.m2\repository\org\springframework\boot\spring-boot-starter-aop\3.2.2\spring-boot-starter-aop-3.2.2.jar;C:\Users\Suraj\.m2\repository\org\aspectj\aspectjweaver\1.9.21\aspectjweaver-1.9.21.jar;C:\Users\Suraj\.m2\repository\org\springframework\boot\spring-boot-starter-jdbc\3.2.2\spring-boot-starter-jdbc-3.2.2.jar;C:\Users\Suraj\.m2\repository\com\zaxxer\HikariCP\5.0.1\HikariCP-5.0.1.jar;C:\Users\Suraj\.m2\repository\org\springframework\spring-jdbc\6.1.3\spring-jdbc-6.1.3.jar;C:\Users\Suraj\.m2\repository\org\hibernate\orm\hibernate-core\6.4.1.Final\hibernate-core-6.4.1.Final.jar;C:\Users\Suraj\.m2\repository\jakarta\persistence\jakarta.persistence-api\3.1.0\jakarta.persistence-api-3.1.0.jar;C:\Users\Suraj\.m2\repository\jakarta\transaction\jakarta.transaction-api\2.0.1\jakarta.transaction-api-2.0.1.jar;C:\Users\Suraj\.m2\repository\org\jboss\logging\jboss-logging\3.5.3.Final\jboss-logging-3.5.3.Final.jar;C:\Users\Suraj\.m2\repository\org\hibernate\common\hibernate-commons-annotations\6.0.6.Final\hibernate-commons-annotations-6.0.6.Final.jar;C:\Users\Suraj\.m2\repository\io\smallrye\jandex\3.1.2\jandex-3.1.2.jar;C:\Users\Suraj\.m2\repository\com\fasterxml\classmate\1.6.0\classmate-1.6.0.jar;C:\Users\Suraj\.m2\repository\net\bytebuddy\byte-buddy\1.14.11\byte-buddy-1.14.11.jar;C:\Users\Suraj\.m2\repository\jakarta\xml\bind\jakarta.xml.bind-api\4.0.1\jakarta.xml.bind-api-4.0.1.jar;C:\Users\Suraj\.m2\repository\jakarta\activation\jakarta.activation-api\2.1.2\jakarta.activation-api-2.1.2.jar;C:\Users\Suraj\.m2\repository\org\glassfish\jaxb\jaxb-runtime\4.0.4\jaxb-runtime-4.0.4.jar;C:\Users\Suraj\.m2\repository\org\glassfish\jaxb\jaxb-core\4.0.4\jaxb-core-4.0.4.jar;C:\Users\Suraj\.m2\repository\org\eclipse\angus\angus-activation\2.0.1\angus-activation-2.0.1.jar;C:\Users\Suraj\.m2\repository\org\glassfish\jaxb\txw2\4.0.4\txw2-4.0.4.jar;C:\Users\Suraj\.m2\repository\com\sun\istack\istack-commons-runtime\4.1.2\istack-commons-runtime-4.1.2.jar;C:\Users\Suraj\.m2\repository\jakarta\inject\jakarta.inject-api\2.0.1\jakarta.inject-api-2.0.1.jar;C:\Users\Suraj\.m2\repository\org\antlr\antlr4-runtime\4.13.0\antlr4-runtime-4.13.0.jar;C:\Users\Suraj\.m2\repository\org\springframework\data\spring-data-jpa\3.2.2\spring-data-jpa-3.2.2.jar;C:\Users\Suraj\.m2\repository\org\springframework\data\spring-data-commons\3.2.2\spring-data-commons-3.2.2.jar;C:\Users\Suraj\.m2\repository\org\springframework\spring-orm\6.1.3\spring-orm-6.1.3.jar;C:\Users\Suraj\.m2\repository\org\springframework\spring-tx\6.1.3\spring-tx-6.1.3.jar;C:\Users\Suraj\.m2\repository\org\slf4j\slf4j-api\2.0.11\slf4j-api-2.0.11.jar;C:\Users\Suraj\.m2\repository\org\springframework\spring-aspects\6.1.3\spring-aspects-6.1.3.jar;C:\Users\Suraj\.m2\repository\com\mysql\mysql-connector-j\8.0.33\mysql-connector-j-8.0.33.jar;C:\Users\Suraj\.m2\repository\org\projectlombok\lombok\1.18.30\lombok-1.18.30.jar;C:\Users\Suraj\.m2\repository\org\springframework\boot\spring-boot-starter-security\3.2.2\spring-boot-starter-security-3.2.2.jar;C:\Users\Suraj\.m2\repository\org\springframework\spring-aop\6.1.3\spring-aop-6.1.3.jar;C:\Users\Suraj\.m2\repository\org\springframework\security\spring-security-config\6.2.1\spring-security-config-6.2.1.jar;C:\Users\Suraj\.m2\repository\org\springframework\security\spring-security-core\6.2.1\spring-security-core-6.2.1.jar;C:\Users\Suraj\.m2\repository\org\springframework\security\spring-security-web\6.2.1\spring-security-web-6.2.1.jar;C:\Users\Suraj\.m2\repository\io\jsonwebtoken\jjwt-api\0.11.5\jjwt-api-0.11.5.jar;C:\Users\Suraj\.m2\repository\io\jsonwebtoken\jjwt-impl\0.11.5\jjwt-impl-0.11.5.jar;C:\Users\Suraj\.m2\repository\io\jsonwebtoken\jjwt-jackson\0.11.5\jjwt-jackson-0.11.5.jar;C:\Users\Suraj\.m2\repository\com\fasterxml\jackson\core\jackson-databind\2.15.3\jackson-databind-2.15.3.jar;C:\Users\Suraj\.m2\repository\com\fasterxml\jackson\core\jackson-annotations\2.15.3\jackson-annotations-2.15.3.jar;C:\Users\Suraj\.m2\repository\com\fasterxml\jackson\core\jackson-core\2.15.3\jackson-core-2.15.3.jar;C:\Users\Suraj\.m2\repository\org\springframework\boot\spring-boot-starter-validation\3.2.2\spring-boot-starter-validation-3.2.2.jar;C:\Users\Suraj\.m2\repository\org\apache\tomcat\embed\tomcat-embed-el\10.1.18\tomcat-embed-el-10.1.18.jar;C:\Users\Suraj\.m2\repository\org\hibernate\validator\hibernate-validator\8.0.1.Final\hibernate-validator-8.0.1.Final.jar;C:\Users\Suraj\.m2\repository\jakarta\validation\jakarta.validation-api\3.0.2\jakarta.validation-api-3.0.2.jar;C:\Users\Suraj\.m2\repository\org\springframework\security\spring-security-crypto\6.2.1\spring-security-crypto-6.2.1.jar
Launcher Type: SUN_STANDARD

[Global flags]
     intx CICompilerCount                          = 4                                         {product} {ergonomic}
     uint ConcGCThreads                            = 2                                         {product} {ergonomic}
     uint G1ConcRefinementThreads                  = 8                                         {product} {ergonomic}
   size_t G1HeapRegionSize                         = 1048576                                   {product} {ergonomic}
    uintx GCDrainStackTargetSize                   = 64                                        {product} {ergonomic}
   size_t InitialHeapSize                          = 132120576                                 {product} {ergonomic}
   size_t MarkStackSize                            = 4194304                                   {product} {ergonomic}
   size_t MaxHeapSize                              = 2090860544                                {product} {ergonomic}
   size_t MaxNewSize                               = 1254096896                                {product} {ergonomic}
   size_t MinHeapDeltaBytes                        = 1048576                                   {product} {ergonomic}
   size_t MinHeapSize                              = 8388608                                   {product} {ergonomic}
    uintx NonNMethodCodeHeapSize                   = 5839372                                {pd product} {ergonomic}
    uintx NonProfiledCodeHeapSize                  = 122909434                              {pd product} {ergonomic}
    uintx ProfiledCodeHeapSize                     = 122909434                              {pd product} {ergonomic}
    uintx ReservedCodeCacheSize                    = 251658240                              {pd product} {ergonomic}
     bool SegmentedCodeCache                       = true                                      {product} {ergonomic}
     bool ShowCodeDetailsInExceptionMessages       = true                                   {manageable} {command line}
   size_t SoftMaxHeapSize                          = 2090860544                             {manageable} {ergonomic}
     bool UseCompressedOops                        = true                           {product lp64_product} {ergonomic}
     bool UseG1GC                                  = true                                      {product} {ergonomic}
     bool UseLargePagesIndividualAllocation        = false                                  {pd product} {ergonomic}

Logging:
Log output configuration:
 #0: stdout all=warning uptime,level,tags foldmultilines=false
 #1: stderr all=off uptime,level,tags foldmultilines=false

Environment Variables:
PATH=D:/Ecllipse/eclipse-java-2023-09-R-win32-x86_64/eclipse//plugins/org.eclipse.justj.openjdk.hotspot.jre.full.win32.x86_64_17.0.11.v20240426-1830/jre/bin/server;D:/Ecllipse/eclipse-java-2023-09-R-win32-x86_64/eclipse//plugins/org.eclipse.justj.openjdk.hotspot.jre.full.win32.x86_64_17.0.11.v20240426-1830/jre/bin;C:\Program Files\Common Files\Oracle\Java\javapath;C:\Windows\system32;C:\Windows;C:\Windows\System32\Wbem;C:\Windows\System32\WindowsPowerShell\v1.0\;C:\Windows\System32\OpenSSH\;C:\Program Files\Java\jdk-21\bin;C:\Program Files\nodejs\;C:\Program Files\Git\cmd;C:\Program Files\MySQL\MySQL Server 8.0\bin;C:\Program Files\MySQL\MySQL Shell 8.0\bin\;C:\Users\Suraj\AppData\Local\Microsoft\WindowsApps;C:\Users\Suraj\AppData\Local\Programs\Microsoft VS Code\bin;E:\flutterProject\flutter_windows_3.22.2-stable\flutter\bin;C:\Users\Suraj\AppData\Roaming\npm;D:\Ecllipse\eclipse-java-2023-09-R-win32-x86_64\eclipse;
USERNAME=Suraj
OS=Windows_NT
PROCESSOR_IDENTIFIER=Intel64 Family 6 Model 126 Stepping 5, GenuineIntel
TMP=C:\Users\Suraj\AppData\Local\Temp
TEMP=C:\Users\Suraj\AppData\Local\Temp




---------------  S Y S T E M  ---------------

OS:
 Windows 10 , 64 bit Build 19041 (10.0.19041.5438)
OS uptime: 1 days 9:26 hours

CPU: total 8 (initial active 8) (4 cores per cpu, 2 threads per core) family 6 model 126 stepping 5 microcode 0xb8, cx8, cmov, fxsr, ht, mmx, 3dnowpref, sse, sse2, sse3, ssse3, sse4.1, sse4.2, popcnt, lzcnt, tsc, tscinvbit, avx, avx2, aes, erms, clmul, bmi1, bmi2, adx, avx512f, avx512dq, avx512cd, avx512bw, avx512vl, sha, fma, vzeroupper, avx512_vpopcntdq, avx512_vpclmulqdq, avx512_vaes, avx512_vnni, clflush, clflushopt, avx512_vbmi2, avx512_vbmi, rdtscp, rdpid, fsrm, gfni, avx512_bitalg, f16c, pku, avx512_ifma
Processor Information for all 8 processors :
  Max Mhz: 1190, Current Mhz: 991, Mhz Limit: 987

Memory: 4k page, system-wide physical 7969M (1127M free)
TotalPageFile size 13631M (AvailPageFile size 1813M)
current process WorkingSet (physical memory assigned to process): 242M, peak: 333M
current process commit charge ("private bytes"): 282M, peak: 370M

vm_info: Java HotSpot(TM) 64-Bit Server VM (21+35-LTS-2513) for windows-amd64 JRE (21+35-LTS-2513), built on 2023-08-09T20:25:10Z by "mach5one" with MS VC++ 17.1 (VS2022)

END.
